000 (375761.000.000) 05/15 15:22:43 Job submitted from host: <192.168.100.50:9618?addrs=192.168.100.50-9618&noUDP&sock=1220_65a1_3>
...
001 (375761.000.000) 05/15 15:22:43 Job executing on host: <192.168.100.51:9618?addrs=192.168.100.51-9618&noUDP&sock=1064592_243a_4>
...
006 (375761.000.000) 05/15 15:22:51 Image size of job updated: 205956
	202  -  MemoryUsage of job (MB)
	205956  -  ResidentSetSize of job (KB)
...
006 (375761.000.000) 05/15 15:27:51 Image size of job updated: 241784
	237  -  MemoryUsage of job (MB)
	241784  -  ResidentSetSize of job (KB)
...
006 (375761.000.000) 05/15 15:32:52 Image size of job updated: 345992
	338  -  MemoryUsage of job (MB)
	345992  -  ResidentSetSize of job (KB)
...
000 (375763.000.000) 05/15 15:34:55 Job submitted from host: <192.168.100.50:9618?addrs=192.168.100.50-9618&noUDP&sock=1220_65a1_3>
...
001 (375763.000.000) 05/15 15:34:56 Job executing on host: <192.168.100.52:9618?addrs=192.168.100.52-9618&noUDP&sock=1070130_bfb6_4>
...
006 (375763.000.000) 05/15 15:35:04 Image size of job updated: 215196
	211  -  MemoryUsage of job (MB)
	215196  -  ResidentSetSize of job (KB)
...
006 (375763.000.000) 05/15 15:40:04 Image size of job updated: 347016
	339  -  MemoryUsage of job (MB)
	347016  -  ResidentSetSize of job (KB)
...
006 (375761.000.000) 05/15 15:42:53 Image size of job updated: 347112
	339  -  MemoryUsage of job (MB)
	347112  -  ResidentSetSize of job (KB)
...
006 (375763.000.000) 05/15 15:55:05 Image size of job updated: 360936
	353  -  MemoryUsage of job (MB)
	360936  -  ResidentSetSize of job (KB)
...
006 (375763.000.000) 05/15 16:00:05 Image size of job updated: 361820
	354  -  MemoryUsage of job (MB)
	361820  -  ResidentSetSize of job (KB)
...
005 (375763.000.000) 05/15 16:01:59 Job terminated.
	(1) Normal termination (return value 0)
		Usr 0 00:26:41, Sys 0 00:00:14  -  Run Remote Usage
		Usr 0 00:00:00, Sys 0 00:00:00  -  Run Local Usage
		Usr 0 00:26:41, Sys 0 00:00:14  -  Total Remote Usage
		Usr 0 00:00:00, Sys 0 00:00:00  -  Total Local Usage
	0  -  Run Bytes Sent By Job
	0  -  Run Bytes Received By Job
	0  -  Total Bytes Sent By Job
	0  -  Total Bytes Received By Job
	Partitionable Resources :    Usage  Request Allocated
	   Cpus                 :                 1         1
	   Disk (KB)            :        1        1    465402
	   Memory (MB)          :      354     2048      2048
...
006 (375761.000.000) 05/15 16:02:12 Image size of job updated: 2131344
	339  -  MemoryUsage of job (MB)
	347112  -  ResidentSetSize of job (KB)
...
005 (375761.000.000) 05/15 16:02:12 Job terminated.
	(1) Normal termination (return value 0)
		Usr 0 00:39:08, Sys 0 00:00:16  -  Run Remote Usage
		Usr 0 00:00:00, Sys 0 00:00:00  -  Run Local Usage
		Usr 0 00:39:08, Sys 0 00:00:16  -  Total Remote Usage
		Usr 0 00:00:00, Sys 0 00:00:00  -  Total Local Usage
	0  -  Run Bytes Sent By Job
	0  -  Run Bytes Received By Job
	0  -  Total Bytes Sent By Job
	0  -  Total Bytes Received By Job
	Partitionable Resources :    Usage  Request Allocated
	   Cpus                 :                 1         1
	   Disk (KB)            :        1        1   4566683
	   Memory (MB)          :      339     2048      2048
...
000 (375774.000.000) 05/15 17:09:25 Job submitted from host: <192.168.100.50:9618?addrs=192.168.100.50-9618&noUDP&sock=1220_65a1_3>
...
001 (375774.000.000) 05/15 17:09:35 Job executing on host: <192.168.100.52:9618?addrs=192.168.100.52-9618&noUDP&sock=1070130_bfb6_4>
...
006 (375774.000.000) 05/15 17:09:44 Image size of job updated: 207116
	203  -  MemoryUsage of job (MB)
	207116  -  ResidentSetSize of job (KB)
...
