000 (374557.000.000) 04/28 09:37:28 Job submitted from host: <192.168.100.50:9618?addrs=192.168.100.50-9618&noUDP&sock=1220_65a1_3>
...
001 (374557.000.000) 04/28 09:37:28 Job executing on host: <192.168.100.52:9618?addrs=192.168.100.52-9618&noUDP&sock=1070130_bfb6_4>
...
006 (374557.000.000) 04/28 09:37:37 Image size of job updated: 235888
	182  -  MemoryUsage of job (MB)
	185596  -  ResidentSetSize of job (KB)
...
006 (374557.000.000) 04/28 09:39:55 Image size of job updated: 280688
	182  -  MemoryUsage of job (MB)
	185596  -  ResidentSetSize of job (KB)
...
005 (374557.000.000) 04/28 09:39:55 Job terminated.
	(1) Normal termination (return value 0)
		Usr 0 00:02:16, Sys 0 00:00:03  -  Run Remote Usage
		Usr 0 00:00:00, Sys 0 00:00:00  -  Run Local Usage
		Usr 0 00:02:16, Sys 0 00:00:03  -  Total Remote Usage
		Usr 0 00:00:00, Sys 0 00:00:00  -  Total Local Usage
	0  -  Run Bytes Sent By Job
	0  -  Run Bytes Received By Job
	0  -  Total Bytes Sent By Job
	0  -  Total Bytes Received By Job
	Partitionable Resources :    Usage  Request Allocated
	   Cpus                 :                 1         1
	   Disk (KB)            :        1        1    465402
	   Memory (MB)          :      182     2048      2048
...
000 (374558.000.000) 04/28 09:45:41 Job submitted from host: <192.168.100.50:9618?addrs=192.168.100.50-9618&noUDP&sock=1220_65a1_3>
...
001 (374558.000.000) 04/28 09:45:48 Job executing on host: <192.168.100.52:9618?addrs=192.168.100.52-9618&noUDP&sock=1070130_bfb6_4>
...
006 (374558.000.000) 04/28 09:45:57 Image size of job updated: 238056
	184  -  MemoryUsage of job (MB)
	187664  -  ResidentSetSize of job (KB)
...
006 (374558.000.000) 04/28 09:50:24 Image size of job updated: 396840
	184  -  MemoryUsage of job (MB)
	187664  -  ResidentSetSize of job (KB)
...
005 (374558.000.000) 04/28 09:50:24 Job terminated.
	(1) Normal termination (return value 0)
		Usr 0 00:04:23, Sys 0 00:00:04  -  Run Remote Usage
		Usr 0 00:00:00, Sys 0 00:00:00  -  Run Local Usage
		Usr 0 00:04:23, Sys 0 00:00:04  -  Total Remote Usage
		Usr 0 00:00:00, Sys 0 00:00:00  -  Total Local Usage
	0  -  Run Bytes Sent By Job
	0  -  Run Bytes Received By Job
	0  -  Total Bytes Sent By Job
	0  -  Total Bytes Received By Job
	Partitionable Resources :    Usage  Request Allocated
	   Cpus                 :                 1         1
	   Disk (KB)            :        1        1    465402
	   Memory (MB)          :      184     2048      2048
...
000 (374560.000.000) 04/28 10:52:02 Job submitted from host: <192.168.100.50:9618?addrs=192.168.100.50-9618&noUDP&sock=1220_65a1_3>
...
001 (374560.000.000) 04/28 10:52:02 Job executing on host: <192.168.100.52:9618?addrs=192.168.100.52-9618&noUDP&sock=1070130_bfb6_4>
...
006 (374560.000.000) 04/28 10:52:11 Image size of job updated: 239988
	186  -  MemoryUsage of job (MB)
	189696  -  ResidentSetSize of job (KB)
...
006 (374560.000.000) 04/28 10:56:39 Image size of job updated: 396532
	186  -  MemoryUsage of job (MB)
	189696  -  ResidentSetSize of job (KB)
...
005 (374560.000.000) 04/28 10:56:39 Job terminated.
	(1) Normal termination (return value 0)
		Usr 0 00:04:24, Sys 0 00:00:04  -  Run Remote Usage
		Usr 0 00:00:00, Sys 0 00:00:00  -  Run Local Usage
		Usr 0 00:04:24, Sys 0 00:00:04  -  Total Remote Usage
		Usr 0 00:00:00, Sys 0 00:00:00  -  Total Local Usage
	0  -  Run Bytes Sent By Job
	0  -  Run Bytes Received By Job
	0  -  Total Bytes Sent By Job
	0  -  Total Bytes Received By Job
	Partitionable Resources :    Usage  Request Allocated
	   Cpus                 :                 1         1
	   Disk (KB)            :        1        1    465402
	   Memory (MB)          :      186     2048      2048
...
000 (374561.000.000) 04/28 11:23:11 Job submitted from host: <192.168.100.50:9618?addrs=192.168.100.50-9618&noUDP&sock=1220_65a1_3>
...
001 (374561.000.000) 04/28 11:23:12 Job executing on host: <192.168.100.52:9618?addrs=192.168.100.52-9618&noUDP&sock=1070130_bfb6_4>
...
006 (374561.000.000) 04/28 11:23:20 Image size of job updated: 186532
	135  -  MemoryUsage of job (MB)
	137924  -  ResidentSetSize of job (KB)
...
006 (374561.000.000) 04/28 11:28:20 Image size of job updated: 360544
	301  -  MemoryUsage of job (MB)
	308092  -  ResidentSetSize of job (KB)
...
005 (374561.000.000) 04/28 11:31:21 Job terminated.
	(1) Normal termination (return value 0)
		Usr 0 00:07:56, Sys 0 00:00:04  -  Run Remote Usage
		Usr 0 00:00:00, Sys 0 00:00:00  -  Run Local Usage
		Usr 0 00:07:56, Sys 0 00:00:04  -  Total Remote Usage
		Usr 0 00:00:00, Sys 0 00:00:00  -  Total Local Usage
	0  -  Run Bytes Sent By Job
	0  -  Run Bytes Received By Job
	0  -  Total Bytes Sent By Job
	0  -  Total Bytes Received By Job
	Partitionable Resources :    Usage  Request Allocated
	   Cpus                 :                 1         1
	   Disk (KB)            :        1        1    465402
	   Memory (MB)          :      301     2048      2048
...
000 (374562.000.000) 04/28 11:42:40 Job submitted from host: <192.168.100.50:9618?addrs=192.168.100.50-9618&noUDP&sock=1220_65a1_3>
...
001 (374562.000.000) 04/28 11:42:50 Job executing on host: <192.168.100.52:9618?addrs=192.168.100.52-9618&noUDP&sock=1070130_bfb6_4>
...
006 (374562.000.000) 04/28 11:42:59 Image size of job updated: 186520
	135  -  MemoryUsage of job (MB)
	137912  -  ResidentSetSize of job (KB)
...
006 (374562.000.000) 04/28 11:48:00 Image size of job updated: 360008
	301  -  MemoryUsage of job (MB)
	307556  -  ResidentSetSize of job (KB)
...
005 (374562.000.000) 04/28 11:51:02 Job terminated.
	(1) Normal termination (return value 0)
		Usr 0 00:07:57, Sys 0 00:00:05  -  Run Remote Usage
		Usr 0 00:00:00, Sys 0 00:00:00  -  Run Local Usage
		Usr 0 00:07:57, Sys 0 00:00:05  -  Total Remote Usage
		Usr 0 00:00:00, Sys 0 00:00:00  -  Total Local Usage
	0  -  Run Bytes Sent By Job
	0  -  Run Bytes Received By Job
	0  -  Total Bytes Sent By Job
	0  -  Total Bytes Received By Job
	Partitionable Resources :    Usage  Request Allocated
	   Cpus                 :                 1         1
	   Disk (KB)            :        1        1    465402
	   Memory (MB)          :      301     2048      2048
...
000 (374632.000.000) 04/29 17:54:46 Job submitted from host: <192.168.100.50:9618?addrs=192.168.100.50-9618&noUDP&sock=1220_65a1_3>
...
001 (374632.000.000) 04/29 17:55:03 Job executing on host: <192.168.100.52:9618?addrs=192.168.100.52-9618&noUDP&sock=1070130_bfb6_4>
...
006 (374632.000.000) 04/29 17:55:12 Image size of job updated: 43448
	32  -  MemoryUsage of job (MB)
	32192  -  ResidentSetSize of job (KB)
...
006 (374632.000.000) 04/29 17:55:27 Image size of job updated: 308000
	32  -  MemoryUsage of job (MB)
	32192  -  ResidentSetSize of job (KB)
...
005 (374632.000.000) 04/29 17:55:27 Job terminated.
	(1) Normal termination (return value 0)
		Usr 0 00:00:01, Sys 0 00:00:00  -  Run Remote Usage
		Usr 0 00:00:00, Sys 0 00:00:00  -  Run Local Usage
		Usr 0 00:00:01, Sys 0 00:00:00  -  Total Remote Usage
		Usr 0 00:00:00, Sys 0 00:00:00  -  Total Local Usage
	0  -  Run Bytes Sent By Job
	0  -  Run Bytes Received By Job
	0  -  Total Bytes Sent By Job
	0  -  Total Bytes Received By Job
	Partitionable Resources :    Usage  Request Allocated
	   Cpus                 :                 1         1
	   Disk (KB)            :        1        1    465402
	   Memory (MB)          :       32     2048      2048
...
000 (374633.000.000) 04/29 17:58:55 Job submitted from host: <192.168.100.50:9618?addrs=192.168.100.50-9618&noUDP&sock=1220_65a1_3>
...
001 (374633.000.000) 04/29 17:58:55 Job executing on host: <192.168.100.52:9618?addrs=192.168.100.52-9618&noUDP&sock=1070130_bfb6_4>
...
006 (374633.000.000) 04/29 17:59:04 Image size of job updated: 244752
	194  -  MemoryUsage of job (MB)
	198248  -  ResidentSetSize of job (KB)
...
006 (374633.000.000) 04/29 18:01:11 Image size of job updated: 265832
	215  -  MemoryUsage of job (MB)
	219324  -  ResidentSetSize of job (KB)
...
004 (374633.000.000) 04/29 18:01:11 Job was evicted.
	(0) Job was not checkpointed.
		Usr 0 00:02:09, Sys 0 00:00:00  -  Run Remote Usage
		Usr 0 00:00:00, Sys 0 00:00:00  -  Run Local Usage
	0  -  Run Bytes Sent By Job
	0  -  Run Bytes Received By Job
	Partitionable Resources :    Usage  Request Allocated
	   Cpus                 :                 1         1
	   Disk (KB)            :        1        1    465402
	   Memory (MB)          :      215     2048      2048
...
009 (374633.000.000) 04/29 18:01:11 Job was aborted by the user.
	via condor_rm (by user conchen)
...
000 (374634.000.000) 04/29 18:01:35 Job submitted from host: <192.168.100.50:9618?addrs=192.168.100.50-9618&noUDP&sock=1220_65a1_3>
...
001 (374634.000.000) 04/29 18:01:46 Job executing on host: <192.168.100.51:9618?addrs=192.168.100.51-9618&noUDP&sock=1064592_243a_4>
...
006 (374634.000.000) 04/29 18:01:54 Image size of job updated: 237224
	189  -  MemoryUsage of job (MB)
	193188  -  ResidentSetSize of job (KB)
...
006 (374634.000.000) 04/29 18:06:54 Image size of job updated: 266240
	215  -  MemoryUsage of job (MB)
	219668  -  ResidentSetSize of job (KB)
...
006 (374634.000.000) 04/29 18:11:55 Image size of job updated: 306116
	254  -  MemoryUsage of job (MB)
	259284  -  ResidentSetSize of job (KB)
...
006 (374634.000.000) 04/29 18:13:38 Image size of job updated: 306732
	254  -  MemoryUsage of job (MB)
	259284  -  ResidentSetSize of job (KB)
...
005 (374634.000.000) 04/29 18:13:38 Job terminated.
	(1) Normal termination (return value 0)
		Usr 0 00:11:44, Sys 0 00:00:01  -  Run Remote Usage
		Usr 0 00:00:00, Sys 0 00:00:00  -  Run Local Usage
		Usr 0 00:11:44, Sys 0 00:00:01  -  Total Remote Usage
		Usr 0 00:00:00, Sys 0 00:00:00  -  Total Local Usage
	0  -  Run Bytes Sent By Job
	0  -  Run Bytes Received By Job
	0  -  Total Bytes Sent By Job
	0  -  Total Bytes Received By Job
	Partitionable Resources :    Usage  Request Allocated
	   Cpus                 :                 1         1
	   Disk (KB)            :        1        1   4566683
	   Memory (MB)          :      254     2048      2048
...
000 (374635.000.000) 04/29 18:31:40 Job submitted from host: <192.168.100.50:9618?addrs=192.168.100.50-9618&noUDP&sock=1220_65a1_3>
...
001 (374635.000.000) 04/29 18:31:40 Job executing on host: <192.168.100.52:9618?addrs=192.168.100.52-9618&noUDP&sock=1070130_bfb6_4>
...
006 (374635.000.000) 04/29 18:31:49 Image size of job updated: 247316
	196  -  MemoryUsage of job (MB)
	200240  -  ResidentSetSize of job (KB)
...
006 (374635.000.000) 04/29 18:36:50 Image size of job updated: 376312
	322  -  MemoryUsage of job (MB)
	329044  -  ResidentSetSize of job (KB)
...
005 (374635.000.000) 04/29 18:41:41 Job terminated.
	(1) Normal termination (return value 0)
		Usr 0 00:09:57, Sys 0 00:00:01  -  Run Remote Usage
		Usr 0 00:00:00, Sys 0 00:00:00  -  Run Local Usage
		Usr 0 00:09:57, Sys 0 00:00:01  -  Total Remote Usage
		Usr 0 00:00:00, Sys 0 00:00:00  -  Total Local Usage
	0  -  Run Bytes Sent By Job
	0  -  Run Bytes Received By Job
	0  -  Total Bytes Sent By Job
	0  -  Total Bytes Received By Job
	Partitionable Resources :    Usage  Request Allocated
	   Cpus                 :                 1         1
	   Disk (KB)            :        1        1    465402
	   Memory (MB)          :      322     2048      2048
...
000 (374668.000.000) 05/01 17:16:58 Job submitted from host: <192.168.100.50:9618?addrs=192.168.100.50-9618&noUDP&sock=1220_65a1_3>
...
001 (374668.000.000) 05/01 17:17:01 Job executing on host: <192.168.100.56:9618?addrs=192.168.100.56-9618&noUDP&sock=1056219_f5bf_4>
...
006 (374668.000.000) 05/01 17:17:10 Image size of job updated: 20828
	15  -  MemoryUsage of job (MB)
	15184  -  ResidentSetSize of job (KB)
...
006 (374668.000.000) 05/01 17:17:42 Image size of job updated: 263580
	15  -  MemoryUsage of job (MB)
	15184  -  ResidentSetSize of job (KB)
...
005 (374668.000.000) 05/01 17:17:42 Job terminated.
	(1) Normal termination (return value 0)
		Usr 0 00:00:05, Sys 0 00:00:00  -  Run Remote Usage
		Usr 0 00:00:00, Sys 0 00:00:00  -  Run Local Usage
		Usr 0 00:00:05, Sys 0 00:00:00  -  Total Remote Usage
		Usr 0 00:00:00, Sys 0 00:00:00  -  Total Local Usage
	0  -  Run Bytes Sent By Job
	0  -  Run Bytes Received By Job
	0  -  Total Bytes Sent By Job
	0  -  Total Bytes Received By Job
	Partitionable Resources :    Usage  Request Allocated
	   Cpus                 :                 1         1
	   Disk (KB)            :        1        1   9469945
	   Memory (MB)          :       15     2048      2048
...
000 (374669.000.000) 05/01 17:20:30 Job submitted from host: <192.168.100.50:9618?addrs=192.168.100.50-9618&noUDP&sock=1220_65a1_3>
...
001 (374669.000.000) 05/01 17:20:43 Job executing on host: <192.168.100.53:9618?addrs=192.168.100.53-9618&noUDP&sock=1037191_55aa_4>
...
006 (374669.000.000) 05/01 17:20:51 Image size of job updated: 232508
	179  -  MemoryUsage of job (MB)
	183048  -  ResidentSetSize of job (KB)
...
005 (374669.000.000) 05/01 17:20:53 Job terminated.
	(1) Normal termination (return value 0)
		Usr 0 00:00:03, Sys 0 00:00:00  -  Run Remote Usage
		Usr 0 00:00:00, Sys 0 00:00:00  -  Run Local Usage
		Usr 0 00:00:03, Sys 0 00:00:00  -  Total Remote Usage
		Usr 0 00:00:00, Sys 0 00:00:00  -  Total Local Usage
	0  -  Run Bytes Sent By Job
	0  -  Run Bytes Received By Job
	0  -  Total Bytes Sent By Job
	0  -  Total Bytes Received By Job
	Partitionable Resources :    Usage  Request Allocated
	   Cpus                 :                 1         1
	   Disk (KB)            :        1        1   1923579
	   Memory (MB)          :      179     2048      2048
...
000 (374670.000.000) 05/01 17:21:21 Job submitted from host: <192.168.100.50:9618?addrs=192.168.100.50-9618&noUDP&sock=1220_65a1_3>
...
001 (374670.000.000) 05/01 17:21:34 Job executing on host: <192.168.100.53:9618?addrs=192.168.100.53-9618&noUDP&sock=1037191_55aa_4>
...
006 (374670.000.000) 05/01 17:21:34 Image size of job updated: 1
	0  -  MemoryUsage of job (MB)
	0  -  ResidentSetSize of job (KB)
...
005 (374670.000.000) 05/01 17:21:34 Job terminated.
	(1) Normal termination (return value 0)
		Usr 0 00:00:00, Sys 0 00:00:00  -  Run Remote Usage
		Usr 0 00:00:00, Sys 0 00:00:00  -  Run Local Usage
		Usr 0 00:00:00, Sys 0 00:00:00  -  Total Remote Usage
		Usr 0 00:00:00, Sys 0 00:00:00  -  Total Local Usage
	0  -  Run Bytes Sent By Job
	0  -  Run Bytes Received By Job
	0  -  Total Bytes Sent By Job
	0  -  Total Bytes Received By Job
	Partitionable Resources :    Usage  Request Allocated
	   Cpus                 :                 1         1
	   Disk (KB)            :        1        1   1923579
	   Memory (MB)          :        0     2048      2048
...
000 (374671.000.000) 05/01 17:22:17 Job submitted from host: <192.168.100.50:9618?addrs=192.168.100.50-9618&noUDP&sock=1220_65a1_3>
...
001 (374671.000.000) 05/01 17:22:18 Job executing on host: <192.168.100.52:9618?addrs=192.168.100.52-9618&noUDP&sock=1070130_bfb6_4>
...
006 (374671.000.000) 05/01 17:22:26 Image size of job updated: 186524
	135  -  MemoryUsage of job (MB)
	137916  -  ResidentSetSize of job (KB)
...
006 (374671.000.000) 05/01 17:27:26 Image size of job updated: 377356
	317  -  MemoryUsage of job (MB)
	324604  -  ResidentSetSize of job (KB)
...
010 (374671.000.000) 05/01 17:30:25 Job was suspended.
	Number of processes actually suspended: 2
...
011 (374671.000.000) 05/01 17:42:07 Job was unsuspended.
...
006 (374671.000.000) 05/01 17:47:29 Image size of job updated: 394200
	333  -  MemoryUsage of job (MB)
	340764  -  ResidentSetSize of job (KB)
...
005 (374671.000.000) 05/01 17:48:39 Job terminated.
	(1) Normal termination (return value 0)
		Usr 0 00:14:25, Sys 0 00:00:04  -  Run Remote Usage
		Usr 0 00:00:00, Sys 0 00:00:00  -  Run Local Usage
		Usr 0 00:14:25, Sys 0 00:00:04  -  Total Remote Usage
		Usr 0 00:00:00, Sys 0 00:00:00  -  Total Local Usage
	0  -  Run Bytes Sent By Job
	0  -  Run Bytes Received By Job
	0  -  Total Bytes Sent By Job
	0  -  Total Bytes Received By Job
	Partitionable Resources :    Usage  Request Allocated
	   Cpus                 :                 1         1
	   Disk (KB)            :        1        1    465402
	   Memory (MB)          :      333     2048      2048
...
000 (374676.000.000) 05/01 18:43:43 Job submitted from host: <192.168.100.50:9618?addrs=192.168.100.50-9618&noUDP&sock=1220_65a1_3>
...
001 (374676.000.000) 05/01 18:43:43 Job executing on host: <192.168.100.51:9618?addrs=192.168.100.51-9618&noUDP&sock=1064592_243a_4>
...
006 (374676.000.000) 05/01 18:43:52 Image size of job updated: 22320
	19  -  MemoryUsage of job (MB)
	19008  -  ResidentSetSize of job (KB)
...
006 (374676.000.000) 05/01 18:43:58 Image size of job updated: 26452
	21  -  MemoryUsage of job (MB)
	20972  -  ResidentSetSize of job (KB)
...
004 (374676.000.000) 05/01 18:43:58 Job was evicted.
	(0) Job was not checkpointed.
		Usr 0 00:00:01, Sys 0 00:00:00  -  Run Remote Usage
		Usr 0 00:00:00, Sys 0 00:00:00  -  Run Local Usage
	0  -  Run Bytes Sent By Job
	0  -  Run Bytes Received By Job
	Partitionable Resources :    Usage  Request Allocated
	   Cpus                 :                 1         1
	   Disk (KB)            :        1        1   4566683
	   Memory (MB)          :       21     2048      2048
...
009 (374676.000.000) 05/01 18:43:58 Job was aborted by the user.
	via condor_rm (by user conchen)
...
000 (374677.000.000) 05/01 18:44:09 Job submitted from host: <192.168.100.50:9618?addrs=192.168.100.50-9618&noUDP&sock=1220_65a1_3>
...
001 (374677.000.000) 05/01 18:44:10 Job executing on host: <192.168.100.51:9618?addrs=192.168.100.51-9618&noUDP&sock=1064592_243a_4>
...
006 (374677.000.000) 05/01 18:44:18 Image size of job updated: 43040
	35  -  MemoryUsage of job (MB)
	35152  -  ResidentSetSize of job (KB)
...
006 (374677.000.000) 05/01 18:49:18 Image size of job updated: 258464
	211  -  MemoryUsage of job (MB)
	215524  -  ResidentSetSize of job (KB)
...
006 (374677.000.000) 05/01 18:54:18 Image size of job updated: 370820
	321  -  MemoryUsage of job (MB)
	327748  -  ResidentSetSize of job (KB)
...
006 (374677.000.000) 05/01 18:59:19 Image size of job updated: 370956
	321  -  MemoryUsage of job (MB)
	327884  -  ResidentSetSize of job (KB)
...
006 (374677.000.000) 05/01 19:04:19 Image size of job updated: 387536
	337  -  MemoryUsage of job (MB)
	344132  -  ResidentSetSize of job (KB)
...
006 (374677.000.000) 05/01 19:18:08 Image size of job updated: 390180
	337  -  MemoryUsage of job (MB)
	344132  -  ResidentSetSize of job (KB)
...
005 (374677.000.000) 05/01 19:18:08 Job terminated.
	(1) Normal termination (return value 0)
		Usr 0 00:32:55, Sys 0 00:00:03  -  Run Remote Usage
		Usr 0 00:00:00, Sys 0 00:00:00  -  Run Local Usage
		Usr 0 00:32:55, Sys 0 00:00:03  -  Total Remote Usage
		Usr 0 00:00:00, Sys 0 00:00:00  -  Total Local Usage
	0  -  Run Bytes Sent By Job
	0  -  Run Bytes Received By Job
	0  -  Total Bytes Sent By Job
	0  -  Total Bytes Received By Job
	Partitionable Resources :    Usage  Request Allocated
	   Cpus                 :                 1         1
	   Disk (KB)            :        1        1   4566683
	   Memory (MB)          :      337     2048      2048
...
000 (374909.000.000) 05/03 17:58:50 Job submitted from host: <192.168.100.50:9618?addrs=192.168.100.50-9618&noUDP&sock=1220_65a1_3>
...
001 (374909.000.000) 05/03 17:59:06 Job executing on host: <192.168.100.53:9618?addrs=192.168.100.53-9618&noUDP&sock=1037191_55aa_4>
...
006 (374909.000.000) 05/03 17:59:14 Image size of job updated: 24836
	19  -  MemoryUsage of job (MB)
	18572  -  ResidentSetSize of job (KB)
...
006 (374909.000.000) 05/03 17:59:32 Image size of job updated: 126604
	19  -  MemoryUsage of job (MB)
	18572  -  ResidentSetSize of job (KB)
...
005 (374909.000.000) 05/03 17:59:32 Job terminated.
	(1) Normal termination (return value 0)
		Usr 0 00:00:01, Sys 0 00:00:00  -  Run Remote Usage
		Usr 0 00:00:00, Sys 0 00:00:00  -  Run Local Usage
		Usr 0 00:00:01, Sys 0 00:00:00  -  Total Remote Usage
		Usr 0 00:00:00, Sys 0 00:00:00  -  Total Local Usage
	0  -  Run Bytes Sent By Job
	0  -  Run Bytes Received By Job
	0  -  Total Bytes Sent By Job
	0  -  Total Bytes Received By Job
	Partitionable Resources :    Usage  Request Allocated
	   Cpus                 :                 1         1
	   Disk (KB)            :        1        1   1923579
	   Memory (MB)          :       19     2048      2048
...
000 (374913.000.000) 05/03 18:08:56 Job submitted from host: <192.168.100.50:9618?addrs=192.168.100.50-9618&noUDP&sock=1220_65a1_3>
...
001 (374913.000.000) 05/03 18:09:06 Job executing on host: <192.168.100.51:9618?addrs=192.168.100.51-9618&noUDP&sock=1064592_243a_4>
...
006 (374913.000.000) 05/03 18:09:12 Image size of job updated: 29456
	0  -  MemoryUsage of job (MB)
	0  -  ResidentSetSize of job (KB)
...
005 (374913.000.000) 05/03 18:09:12 Job terminated.
	(1) Normal termination (return value 0)
		Usr 0 00:00:01, Sys 0 00:00:00  -  Run Remote Usage
		Usr 0 00:00:00, Sys 0 00:00:00  -  Run Local Usage
		Usr 0 00:00:01, Sys 0 00:00:00  -  Total Remote Usage
		Usr 0 00:00:00, Sys 0 00:00:00  -  Total Local Usage
	0  -  Run Bytes Sent By Job
	0  -  Run Bytes Received By Job
	0  -  Total Bytes Sent By Job
	0  -  Total Bytes Received By Job
	Partitionable Resources :    Usage  Request Allocated
	   Cpus                 :                 1         1
	   Disk (KB)            :        1        1   4566683
	   Memory (MB)          :        0     2048      2048
...
000 (374916.000.000) 05/03 18:22:10 Job submitted from host: <192.168.100.50:9618?addrs=192.168.100.50-9618&noUDP&sock=1220_65a1_3>
...
001 (374916.000.000) 05/03 18:22:12 Job executing on host: <192.168.100.51:9618?addrs=192.168.100.51-9618&noUDP&sock=1064592_243a_4>
...
006 (374916.000.000) 05/03 18:22:16 Image size of job updated: 1
	0  -  MemoryUsage of job (MB)
	0  -  ResidentSetSize of job (KB)
...
005 (374916.000.000) 05/03 18:22:16 Job terminated.
	(1) Normal termination (return value 0)
		Usr 0 00:00:01, Sys 0 00:00:00  -  Run Remote Usage
		Usr 0 00:00:00, Sys 0 00:00:00  -  Run Local Usage
		Usr 0 00:00:01, Sys 0 00:00:00  -  Total Remote Usage
		Usr 0 00:00:00, Sys 0 00:00:00  -  Total Local Usage
	0  -  Run Bytes Sent By Job
	0  -  Run Bytes Received By Job
	0  -  Total Bytes Sent By Job
	0  -  Total Bytes Received By Job
	Partitionable Resources :    Usage  Request Allocated
	   Cpus                 :                 1         1
	   Disk (KB)            :        1        1   4566683
	   Memory (MB)          :        0     2048      2048
...
000 (374917.000.000) 05/03 18:26:29 Job submitted from host: <192.168.100.50:9618?addrs=192.168.100.50-9618&noUDP&sock=1220_65a1_3>
...
001 (374917.000.000) 05/03 18:26:31 Job executing on host: <192.168.100.51:9618?addrs=192.168.100.51-9618&noUDP&sock=1064592_243a_4>
...
006 (374917.000.000) 05/03 18:26:40 Image size of job updated: 188376
	141  -  MemoryUsage of job (MB)
	143772  -  ResidentSetSize of job (KB)
...
006 (374917.000.000) 05/03 18:31:41 Image size of job updated: 269292
	216  -  MemoryUsage of job (MB)
	220868  -  ResidentSetSize of job (KB)
...
006 (374917.000.000) 05/03 18:36:41 Image size of job updated: 375420
	320  -  MemoryUsage of job (MB)
	326864  -  ResidentSetSize of job (KB)
...
006 (374917.000.000) 05/03 18:41:41 Image size of job updated: 375444
	320  -  MemoryUsage of job (MB)
	326888  -  ResidentSetSize of job (KB)
...
006 (374917.000.000) 05/03 18:56:42 Image size of job updated: 397684
	341  -  MemoryUsage of job (MB)
	348524  -  ResidentSetSize of job (KB)
...
005 (374917.000.000) 05/03 19:16:04 Job terminated.
	(1) Normal termination (return value 0)
		Usr 0 00:49:03, Sys 0 00:00:17  -  Run Remote Usage
		Usr 0 00:00:00, Sys 0 00:00:00  -  Run Local Usage
		Usr 0 00:49:03, Sys 0 00:00:17  -  Total Remote Usage
		Usr 0 00:00:00, Sys 0 00:00:00  -  Total Local Usage
	0  -  Run Bytes Sent By Job
	0  -  Run Bytes Received By Job
	0  -  Total Bytes Sent By Job
	0  -  Total Bytes Received By Job
	Partitionable Resources :    Usage  Request Allocated
	   Cpus                 :                 1         1
	   Disk (KB)            :        1        1   4566683
	   Memory (MB)          :      341     2048      2048
...
000 (374943.000.000) 05/03 20:01:28 Job submitted from host: <192.168.100.50:9618?addrs=192.168.100.50-9618&noUDP&sock=1220_65a1_3>
...
001 (374943.000.000) 05/03 20:01:28 Job executing on host: <192.168.100.51:9618?addrs=192.168.100.51-9618&noUDP&sock=1064592_243a_4>
...
006 (374943.000.000) 05/03 20:01:37 Image size of job updated: 60840
	43  -  MemoryUsage of job (MB)
	43920  -  ResidentSetSize of job (KB)
...
006 (374943.000.000) 05/03 20:06:38 Image size of job updated: 268340
	211  -  MemoryUsage of job (MB)
	215748  -  ResidentSetSize of job (KB)
...
006 (374943.000.000) 05/03 20:11:38 Image size of job updated: 379092
	319  -  MemoryUsage of job (MB)
	326364  -  ResidentSetSize of job (KB)
...
006 (374943.000.000) 05/03 20:21:39 Image size of job updated: 401004
	340  -  MemoryUsage of job (MB)
	347916  -  ResidentSetSize of job (KB)
...
006 (374943.000.000) 05/03 20:31:40 Image size of job updated: 401572
	340  -  MemoryUsage of job (MB)
	348148  -  ResidentSetSize of job (KB)
...
006 (374943.000.000) 05/03 20:51:42 Image size of job updated: 448096
	386  -  MemoryUsage of job (MB)
	394668  -  ResidentSetSize of job (KB)
...
005 (374943.000.000) 05/03 20:53:51 Job terminated.
	(1) Normal termination (return value 0)
		Usr 0 00:51:43, Sys 0 00:00:18  -  Run Remote Usage
		Usr 0 00:00:00, Sys 0 00:00:00  -  Run Local Usage
		Usr 0 00:51:43, Sys 0 00:00:18  -  Total Remote Usage
		Usr 0 00:00:00, Sys 0 00:00:00  -  Total Local Usage
	0  -  Run Bytes Sent By Job
	0  -  Run Bytes Received By Job
	0  -  Total Bytes Sent By Job
	0  -  Total Bytes Received By Job
	Partitionable Resources :    Usage  Request Allocated
	   Cpus                 :                 1         1
	   Disk (KB)            :        1        1   4566683
	   Memory (MB)          :      386     2048      2048
...
000 (375155.000.000) 05/05 19:51:24 Job submitted from host: <192.168.100.50:9618?addrs=192.168.100.50-9618&noUDP&sock=1220_65a1_3>
...
001 (375155.000.000) 05/05 19:51:25 Job executing on host: <192.168.100.51:9618?addrs=192.168.100.51-9618&noUDP&sock=1064592_243a_4>
...
006 (375155.000.000) 05/05 19:51:33 Image size of job updated: 27276
	20  -  MemoryUsage of job (MB)
	19472  -  ResidentSetSize of job (KB)
...
006 (375155.000.000) 05/05 19:56:33 Image size of job updated: 266256
	209  -  MemoryUsage of job (MB)
	213664  -  ResidentSetSize of job (KB)
...
006 (375155.000.000) 05/05 20:01:34 Image size of job updated: 379084
	319  -  MemoryUsage of job (MB)
	326340  -  ResidentSetSize of job (KB)
...
006 (375155.000.000) 05/05 20:06:34 Image size of job updated: 379124
	319  -  MemoryUsage of job (MB)
	326372  -  ResidentSetSize of job (KB)
...
006 (375155.000.000) 05/05 20:21:36 Image size of job updated: 397052
	336  -  MemoryUsage of job (MB)
	343616  -  ResidentSetSize of job (KB)
...
006 (375155.000.000) 05/05 20:51:38 Image size of job updated: 447960
	386  -  MemoryUsage of job (MB)
	394520  -  ResidentSetSize of job (KB)
...
005 (375155.000.000) 05/05 20:53:58 Job terminated.
	(1) Normal termination (return value 0)
		Usr 0 01:01:34, Sys 0 00:00:25  -  Run Remote Usage
		Usr 0 00:00:00, Sys 0 00:00:00  -  Run Local Usage
		Usr 0 01:01:34, Sys 0 00:00:25  -  Total Remote Usage
		Usr 0 00:00:00, Sys 0 00:00:00  -  Total Local Usage
	0  -  Run Bytes Sent By Job
	0  -  Run Bytes Received By Job
	0  -  Total Bytes Sent By Job
	0  -  Total Bytes Received By Job
	Partitionable Resources :    Usage  Request Allocated
	   Cpus                 :                 1         1
	   Disk (KB)            :        1        1   4566683
	   Memory (MB)          :      386     2048      2048
...
000 (375229.000.000) 05/06 20:06:00 Job submitted from host: <192.168.100.50:9618?addrs=192.168.100.50-9618&noUDP&sock=1220_65a1_3>
...
001 (375229.000.000) 05/06 20:06:19 Job executing on host: <192.168.100.52:9618?addrs=192.168.100.52-9618&noUDP&sock=1070130_bfb6_4>
...
006 (375229.000.000) 05/06 20:06:28 Image size of job updated: 26056
	19  -  MemoryUsage of job (MB)
	18992  -  ResidentSetSize of job (KB)
...
006 (375229.000.000) 05/06 20:06:56 Image size of job updated: 124780
	19  -  MemoryUsage of job (MB)
	18992  -  ResidentSetSize of job (KB)
...
005 (375229.000.000) 05/06 20:06:56 Job terminated.
	(1) Normal termination (return value 0)
		Usr 0 00:00:03, Sys 0 00:00:00  -  Run Remote Usage
		Usr 0 00:00:00, Sys 0 00:00:00  -  Run Local Usage
		Usr 0 00:00:03, Sys 0 00:00:00  -  Total Remote Usage
		Usr 0 00:00:00, Sys 0 00:00:00  -  Total Local Usage
	0  -  Run Bytes Sent By Job
	0  -  Run Bytes Received By Job
	0  -  Total Bytes Sent By Job
	0  -  Total Bytes Received By Job
	Partitionable Resources :    Usage  Request Allocated
	   Cpus                 :                 1         1
	   Disk (KB)            :        1        1    465402
	   Memory (MB)          :       19     2048      2048
...
000 (375230.000.000) 05/06 20:08:14 Job submitted from host: <192.168.100.50:9618?addrs=192.168.100.50-9618&noUDP&sock=1220_65a1_3>
...
001 (375230.000.000) 05/06 20:08:29 Job executing on host: <192.168.100.52:9618?addrs=192.168.100.52-9618&noUDP&sock=1070130_bfb6_4>
...
006 (375230.000.000) 05/06 20:08:38 Image size of job updated: 228492
	176  -  MemoryUsage of job (MB)
	179792  -  ResidentSetSize of job (KB)
...
006 (375230.000.000) 05/06 20:12:41 Image size of job updated: 314812
	178  -  MemoryUsage of job (MB)
	182096  -  ResidentSetSize of job (KB)
...
005 (375230.000.000) 05/06 20:12:41 Job terminated.
	(1) Normal termination (return value 0)
		Usr 0 00:03:57, Sys 0 00:00:05  -  Run Remote Usage
		Usr 0 00:00:00, Sys 0 00:00:00  -  Run Local Usage
		Usr 0 00:03:57, Sys 0 00:00:05  -  Total Remote Usage
		Usr 0 00:00:00, Sys 0 00:00:00  -  Total Local Usage
	0  -  Run Bytes Sent By Job
	0  -  Run Bytes Received By Job
	0  -  Total Bytes Sent By Job
	0  -  Total Bytes Received By Job
	Partitionable Resources :    Usage  Request Allocated
	   Cpus                 :                 1         1
	   Disk (KB)            :        1        1    465402
	   Memory (MB)          :      178     2048      2048
...
