Tokenizing using dictionary from /home2/nimel/573/torchMoji/model/vocabulary.json
Loading model from /home2/nimel/573/torchMoji/model/pytorch_model.bin.
Loading weights for embed.weight
Loading weights for lstm_0.weight_ih_l0
Loading weights for lstm_0.weight_hh_l0
Loading weights for lstm_0.bias_ih_l0
Loading weights for lstm_0.bias_hh_l0
Loading weights for lstm_0.weight_ih_l0_reverse
Loading weights for lstm_0.weight_hh_l0_reverse
Loading weights for lstm_0.bias_ih_l0_reverse
Loading weights for lstm_0.bias_hh_l0_reverse
Loading weights for lstm_1.weight_ih_l0
Loading weights for lstm_1.weight_hh_l0
Loading weights for lstm_1.bias_ih_l0
Loading weights for lstm_1.bias_hh_l0
Loading weights for lstm_1.weight_ih_l0_reverse
Loading weights for lstm_1.weight_hh_l0_reverse
Loading weights for lstm_1.bias_ih_l0_reverse
Loading weights for lstm_1.bias_hh_l0_reverse
Loading weights for attention_layer.attention_vector
Ignoring weights for output_layer.0.weight
Ignoring weights for output_layer.0.bias
total train size:  3468
pos to neg ratio:  0.2497116493656286
all_positives 866
num_train_positives 779
mlp_polarity
training...
Attempting to get 3122 vectors
created directory:  src/vectors
File not found, creating new DeepMoji vector embeddings from src/vectors/deepmoji_polarity_train_vectors.npy
Returning3122 vectors
train predictions...
Attempting to get 3122 vectors
Returning3122 vectors
dev predictions...
Attempting to get 346 vectors
File not found, creating new DeepMoji vector embeddings from src/vectors/deepmoji_polarity_dev_vectors.npy
Returning346 vectors
test predictions...
Attempting to get 1400 vectors
File not found, creating new DeepMoji vector embeddings from src/vectors/deepmoji_polarity_test_vectors.npy
Returning1400 vectors
mlp_polarity trained model in 230.3165 seconds
created directory:  outputs/D3/mlp_polarity
created directory:  outputs/D3/mlp_polarity/error_analysis
mlp_polarity ran in 241.8226 seconds
rm -rf src/vectors
